<?xml version="1.0" encoding="UTF-8"?>
<!-- Generated by org.testng.reporters.JUnitReportReporter -->
<testsuite hostname="LAPTOP-07Q77IJG" failures="0" tests="1" name="demowebshoptests.ValidateLogin" time="13.889" errors="0" timestamp="2021-09-06T11:10:44 IST" skipped="0">
  <testcase classname="demowebshoptests.ValidateLogin" name="checklogin" time="13.889"/>
  <system-out/>
</testsuite> <!-- demowebshoptests.ValidateLogin -->
