<?xml version="1.0" encoding="UTF-8"?>
<!-- Generated by org.testng.reporters.JUnitReportReporter -->
<testsuite hostname="LAPTOP-07Q77IJG" failures="0" tests="4" name="learntestng.OpencartDemo" time="27.647" errors="0" timestamp="2021-09-05T18:19:59 IST" skipped="0">
  <testcase classname="learntestng.OpencartDemo" name="openwindow" time="10.912"/>
  <system-out/>
  <testcase classname="learntestng.OpencartDemo" name="ckeckurl" time="0.037"/>
  <system-out/>
  <testcase classname="learntestng.OpencartDemo" name="performtask" time="8.661"/>
  <system-out/>
  <testcase classname="learntestng.OpencartDemo" name="search" time="8.037"/>
  <system-out/>
</testsuite> <!-- learntestng.OpencartDemo -->
