<?xml version="1.0" encoding="UTF-8"?>
<!-- Generated by org.testng.reporters.JUnitReportReporter -->
<testsuite hostname="LAPTOP-07Q77IJG" failures="0" tests="1" name="pagefactorydemowebshoptest.RegisterDemo" time="14.543" errors="0" timestamp="2021-09-06T17:30:56 IST" skipped="0">
  <testcase classname="pagefactorydemowebshoptest.RegisterDemo" name="regiater" time="14.543"/>
  <system-out/>
</testsuite> <!-- pagefactorydemowebshoptest.RegisterDemo -->
