<?xml version="1.0" encoding="UTF-8"?>
<!-- Generated by org.testng.reporters.JUnitReportReporter -->
<testsuite hostname="LAPTOP-07Q77IJG" failures="0" tests="2" name="learntestng.DataDriverDemo" time="12.848" errors="0" timestamp="2021-09-05T13:41:42 IST" skipped="0">
  <testcase classname="learntestng.DataDriverDemo" name="f" time="4.072"/>
  <system-out/>
  <testcase classname="learntestng.DataDriverDemo" name="f" time="8.776"/>
  <system-out/>
</testsuite> <!-- learntestng.DataDriverDemo -->
