<?xml version="1.0" encoding="UTF-8"?>
<!-- Generated by org.testng.reporters.JUnitReportReporter -->
<testsuite hostname="LAPTOP-07Q77IJG" failures="0" tests="5" name="gruopsdemo.Testgroup1" time="0.042" errors="0" timestamp="2021-09-12T13:35:06 IST" skipped="0">
  <testcase classname="gruopsdemo.Testgroup1" name="Test2" time="0.004"/>
  <system-out/>
  <testcase classname="gruopsdemo.Testgroup1" name="Test5" time="0.004"/>
  <system-out/>
  <testcase classname="gruopsdemo.Testgroup1" name="Test3" time="0.004"/>
  <system-out/>
  <testcase classname="gruopsdemo.Testgroup1" name="Test4" time="0.003"/>
  <system-out/>
  <testcase classname="gruopsdemo.Testgroup1" name="Test1" time="0.027"/>
  <system-out/>
</testsuite> <!-- gruopsdemo.Testgroup1 -->
