<?xml version="1.0" encoding="UTF-8"?>
<!-- Generated by org.testng.reporters.JUnitReportReporter -->
<testsuite hostname="LAPTOP-07Q77IJG" failures="0" tests="1" name="pagefactorydemowebshoptest.VerifyLogin" time="12.627" errors="0" timestamp="2021-09-06T11:41:10 IST" skipped="0">
  <testcase classname="pagefactorydemowebshoptest.VerifyLogin" name="validate" time="12.627"/>
  <system-out/>
</testsuite> <!-- pagefactorydemowebshoptest.VerifyLogin -->
