<?xml version="1.0" encoding="UTF-8"?>
<!-- Generated by org.testng.reporters.JUnitReportReporter -->
<testsuite hostname="LAPTOP-07Q77IJG" failures="0" tests="3" name="gruopsdemo.Testgroup2" time="0.011" errors="0" timestamp="2021-09-12T13:34:37 IST" skipped="0">
  <testcase classname="gruopsdemo.Testgroup2" name="Test9" time="0.005"/>
  <system-out/>
  <testcase classname="gruopsdemo.Testgroup2" name="Test7" time="0.003"/>
  <system-out/>
  <testcase classname="gruopsdemo.Testgroup2" name="Test6" time="0.003"/>
  <system-out/>
</testsuite> <!-- gruopsdemo.Testgroup2 -->
