<?xml version="1.0" encoding="UTF-8"?>
<!-- Generated by org.testng.reporters.JUnitReportReporter -->
<testsuite hostname="LAPTOP-07Q77IJG" failures="0" tests="1" name="learntestng.CountingLinks" time="8.410" errors="0" timestamp="2021-09-06T16:22:30 IST" skipped="0">
  <testcase classname="learntestng.CountingLinks" name="count" time="8.410"/>
  <system-out/>
</testsuite> <!-- learntestng.CountingLinks -->
