<?xml version="1.0" encoding="UTF-8"?>
<!-- Generated by org.testng.reporters.JUnitReportReporter -->
<testsuite hostname="LAPTOP-07Q77IJG" failures="0" tests="1" name="learntestng.GridDemo" time="21.537" errors="0" timestamp="2021-09-07T11:21:42 IST" skipped="0">
  <testcase classname="learntestng.GridDemo" name="testlogin" time="21.537"/>
  <system-out/>
</testsuite> <!-- learntestng.GridDemo -->
