<?xml version="1.0" encoding="UTF-8"?>
<!-- Generated by org.testng.reporters.JUnitReportReporter -->
<testsuite hostname="LAPTOP-07Q77IJG" failures="0" tests="1" name="learntestng.TestngexecuteSequence" time="0.015" errors="0" timestamp="2021-09-05T18:13:29 IST" skipped="0">
  <testcase classname="learntestng.TestngexecuteSequence" name="checktitle" time="0.015"/>
  <system-out/>
</testsuite> <!-- learntestng.TestngexecuteSequence -->
