<?xml version="1.0" encoding="UTF-8"?>
<!-- Generated by org.testng.reporters.JUnitReportReporter -->
<testsuite hostname="LAPTOP-07Q77IJG" failures="0" tests="3" name="learntestng.PriorityDemo" time="11.321" errors="0" timestamp="2021-09-01T12:07:50 IST" skipped="0">
  <testcase classname="learntestng.PriorityDemo" name="startapp" time="4.668"/>
  <system-out/>
  <testcase classname="learntestng.PriorityDemo" name="loginapp" time="5.536"/>
  <system-out/>
  <testcase classname="learntestng.PriorityDemo" name="signoff" time="1.117"/>
  <system-out/>
</testsuite> <!-- learntestng.PriorityDemo -->
