<?xml version="1.0" encoding="UTF-8"?>
<!-- Generated by org.testng.reporters.JUnitReportReporter -->
<testsuite hostname="LAPTOP-07Q77IJG" failures="0" tests="2" name="demowebshoptests.TestNGParallelTestingDemo" time="11.177" errors="0" timestamp="2021-09-06T16:08:24 IST" skipped="0">
  <testcase classname="demowebshoptests.TestNGParallelTestingDemo" name="test1" time="5.701"/>
  <system-out/>
  <testcase classname="demowebshoptests.TestNGParallelTestingDemo" name="test2" time="5.476"/>
  <system-out/>
</testsuite> <!-- demowebshoptests.TestNGParallelTestingDemo -->
