<?xml version="1.0" encoding="UTF-8"?>
<!-- Generated by org.testng.reporters.JUnitReportReporter -->
<testsuite hostname="LAPTOP-07Q77IJG" failures="0" tests="2" name="demowebshoptests.AssertionsDemo" time="17.559" errors="0" timestamp="2021-09-06T14:07:41 IST" skipped="0">
  <testcase classname="demowebshoptests.AssertionsDemo" name="checkurl" time="9.197"/>
  <system-out/>
  <testcase classname="demowebshoptests.AssertionsDemo" name="checklogo" time="8.362"/>
  <system-out/>
</testsuite> <!-- demowebshoptests.AssertionsDemo -->
